<?xml version="1.0" encoding="UTF-8"?>
<!-- Generated by org.testng.reporters.JUnitReportReporter -->
<testsuite hostname="Sarika" failures="0" tests="1" name="com.testNG.GoogleTest" time="6.714" errors="0" timestamp="2023-06-02T03:21:14 IST" skipped="0">
  <testcase classname="com.testNG.GoogleTest" name="searchText" time="6.714"/>
  <system-out/>
</testsuite> <!-- com.testNG.GoogleTest -->
