<?xml version="1.0" encoding="UTF-8"?>
<!-- Generated by org.testng.reporters.JUnitReportReporter -->
<testsuite hostname="Sarika" failures="0" tests="1" name="com.testNG.testNG_practice" time="0.013" errors="0" timestamp="2023-06-01T17:42:59 IST" skipped="0">
  <testcase classname="com.testNG.testNG_practice" name="titleTest" time="0.013"/>
  <system-out/>
</testsuite> <!-- com.testNG.testNG_practice -->
